  Universial.cpp
C:\UsingProjects\2021_Multicore\Lab5\Lab5\Universial.cpp(32,1): warning C4267: '=': 'size_t'에서 'int'(으)로 변환하면서 데이터가 손실될 수 있습니다.
C:\UsingProjects\2021_Multicore\Lab5\Lab5\Universial.cpp(42,12): error C3646: 'decideNext': 알 수 없는 재정의 지정자입니다.
C:\UsingProjects\2021_Multicore\Lab5\Lab5\Universial.cpp(42,22): error C4430: 형식 지정자가 없습니다. int로 가정합니다. 참고: C++에서는 기본 int를 지원하지 않습니다.
C:\UsingProjects\2021_Multicore\Lab5\Lab5\Universial.cpp(67,11): error C3861: 'Thread_id': 식별자를 찾을 수 없습니다.
C:\UsingProjects\2021_Multicore\Lab5\Lab5\Universial.cpp(70,24): error C2039: 'max': 'NODE'의 멤버가 아닙니다.
C:\UsingProjects\2021_Multicore\Lab5\Lab5\Universial.cpp(38): message : 'NODE' 선언을 참조하십시오.
C:\UsingProjects\2021_Multicore\Lab5\Lab5\Universial.cpp(71,26): error C2039: 'decideNext': 'NODE'의 멤버가 아닙니다.
C:\UsingProjects\2021_Multicore\Lab5\Lab5\Universial.cpp(38): message : 'NODE' 선언을 참조하십시오.
C:\UsingProjects\2021_Multicore\Lab5\Lab5\Universial.cpp(75,3): error C2065: 'SeqObject': 선언되지 않은 식별자입니다.
C:\UsingProjects\2021_Multicore\Lab5\Lab5\Universial.cpp(75,13): error C2146: 구문 오류: ';'이(가) 'myObject' 식별자 앞에 없습니다.
C:\UsingProjects\2021_Multicore\Lab5\Lab5\Universial.cpp(75,13): error C2065: 'myObject': 선언되지 않은 식별자입니다.
C:\UsingProjects\2021_Multicore\Lab5\Lab5\Universial.cpp(78,4): error C2065: 'myObject': 선언되지 않은 식별자입니다.
C:\UsingProjects\2021_Multicore\Lab5\Lab5\Universial.cpp(81,10): error C2065: 'myObject': 선언되지 않은 식별자입니다.
C:\UsingProjects\2021_Multicore\Lab5\Lab5\Universial.cpp(87,6): error C2143: 구문 오류: ';'이(가) '*' 앞에 없습니다.
C:\UsingProjects\2021_Multicore\Lab5\Lab5\Universial.cpp(87,6): error C4430: 형식 지정자가 없습니다. int로 가정합니다. 참고: C++에서는 기본 int를 지원하지 않습니다.
C:\UsingProjects\2021_Multicore\Lab5\Lab5\Universial.cpp(87,19): error C2238: ';' 앞에 예기치 않은 토큰이 있습니다.
C:\UsingProjects\2021_Multicore\Lab5\Lab5\Universial.cpp(88,6): error C2143: 구문 오류: ';'이(가) '*' 앞에 없습니다.
C:\UsingProjects\2021_Multicore\Lab5\Lab5\Universial.cpp(88,6): error C4430: 형식 지정자가 없습니다. int로 가정합니다. 참고: C++에서는 기본 int를 지원하지 않습니다.
C:\UsingProjects\2021_Multicore\Lab5\Lab5\Universial.cpp(88,15): error C2238: ';' 앞에 예기치 않은 토큰이 있습니다.
C:\UsingProjects\2021_Multicore\Lab5\Lab5\Universial.cpp(89,7): error C3646: 'tail': 알 수 없는 재정의 지정자입니다.
C:\UsingProjects\2021_Multicore\Lab5\Lab5\Universial.cpp(89,11): error C4430: 형식 지정자가 없습니다. int로 가정합니다. 참고: C++에서는 기본 int를 지원하지 않습니다.
C:\UsingProjects\2021_Multicore\Lab5\Lab5\Universial.cpp(92,3): error C2065: 'tail': 선언되지 않은 식별자입니다.
C:\UsingProjects\2021_Multicore\Lab5\Lab5\Universial.cpp(93,23): error C2065: 'N': 선언되지 않은 식별자입니다.
C:\UsingProjects\2021_Multicore\Lab5\Lab5\Universial.cpp(93,33): error C2065: 'head': 선언되지 않은 식별자입니다.
C:\UsingProjects\2021_Multicore\Lab5\Lab5\Universial.cpp(93,44): error C2065: 'tail': 선언되지 않은 식별자입니다.
C:\UsingProjects\2021_Multicore\Lab5\Lab5\Universial.cpp(93,50): error C2065: 'announce': 선언되지 않은 식별자입니다.
C:\UsingProjects\2021_Multicore\Lab5\Lab5\Universial.cpp(93,65): error C2065: 'tail': 선언되지 않은 식별자입니다.
C:\UsingProjects\2021_Multicore\Lab5\Lab5\Universial.cpp(96,11): error C3861: 'Thread_id': 식별자를 찾을 수 없습니다.
C:\UsingProjects\2021_Multicore\Lab5\Lab5\Universial.cpp(97,3): error C2065: 'announce': 선언되지 않은 식별자입니다.
C:\UsingProjects\2021_Multicore\Lab5\Lab5\Universial.cpp(98,3): error C2065: 'head': 선언되지 않은 식별자입니다.
C:\UsingProjects\2021_Multicore\Lab5\Lab5\Universial.cpp(98,13): error C2065: 'tail': 선언되지 않은 식별자입니다.
C:\UsingProjects\2021_Multicore\Lab5\Lab5\Universial.cpp(98,22): error C2065: 'head': 선언되지 않은 식별자입니다.
C:\UsingProjects\2021_Multicore\Lab5\Lab5\Universial.cpp(99,10): error C2065: 'announce': 선언되지 않은 식별자입니다.
C:\UsingProjects\2021_Multicore\Lab5\Lab5\Universial.cpp(100,19): error C2065: 'head': 선언되지 않은 식별자입니다.
C:\UsingProjects\2021_Multicore\Lab5\Lab5\Universial.cpp(101,17): error C2065: 'announce': 선언되지 않은 식별자입니다.
C:\UsingProjects\2021_Multicore\Lab5\Lab5\Universial.cpp(101,47): error C2065: 'N': 선언되지 않은 식별자입니다.
C:\UsingProjects\2021_Multicore\Lab5\Lab5\Universial.cpp(104,18): error C2065: 'announce': 선언되지 않은 식별자입니다.
C:\UsingProjects\2021_Multicore\Lab5\Lab5\Universial.cpp(105,26): error C2039: 'decideNext': 'NODE'의 멤버가 아닙니다.
C:\UsingProjects\2021_Multicore\Lab5\Lab5\Universial.cpp(38): message : 'NODE' 선언을 참조하십시오.
C:\UsingProjects\2021_Multicore\Lab5\Lab5\Universial.cpp(108,4): error C2065: 'head': 선언되지 않은 식별자입니다.
C:\UsingProjects\2021_Multicore\Lab5\Lab5\Universial.cpp(110,3): error C2065: 'SeqObject': 선언되지 않은 식별자입니다.
C:\UsingProjects\2021_Multicore\Lab5\Lab5\Universial.cpp(110,13): error C2146: 구문 오류: ';'이(가) 'myObject' 식별자 앞에 없습니다.
C:\UsingProjects\2021_Multicore\Lab5\Lab5\Universial.cpp(110,13): error C2065: 'myObject': 선언되지 않은 식별자입니다.
C:\UsingProjects\2021_Multicore\Lab5\Lab5\Universial.cpp(111,3): error C2065: 'Node': 선언되지 않은 식별자입니다.
C:\UsingProjects\2021_Multicore\Lab5\Lab5\Universial.cpp(111,9): error C2065: 'current': 선언되지 않은 식별자입니다.
C:\UsingProjects\2021_Multicore\Lab5\Lab5\Universial.cpp(111,19): error C2065: 'tail': 선언되지 않은 식별자입니다.
C:\UsingProjects\2021_Multicore\Lab5\Lab5\Universial.cpp(112,10): error C2065: 'current': 선언되지 않은 식별자입니다.
C:\UsingProjects\2021_Multicore\Lab5\Lab5\Universial.cpp(112,21): error C2065: 'announce': 선언되지 않은 식별자입니다.
C:\UsingProjects\2021_Multicore\Lab5\Lab5\Universial.cpp(113,4): error C2065: 'myObject': 선언되지 않은 식별자입니다.
C:\UsingProjects\2021_Multicore\Lab5\Lab5\Universial.cpp(113,19): error C2065: 'current': 선언되지 않은 식별자입니다.
C:\UsingProjects\2021_Multicore\Lab5\Lab5\Universial.cpp(114,4): error C2065: 'current': 선언되지 않은 식별자입니다.
C:\UsingProjects\2021_Multicore\Lab5\Lab5\Universial.cpp(114,14): error C2065: 'current': 선언되지 않은 식별자입니다.
C:\UsingProjects\2021_Multicore\Lab5\Lab5\Universial.cpp(116,3): error C2065: 'head': 선언되지 않은 식별자입니다.
C:\UsingProjects\2021_Multicore\Lab5\Lab5\Universial.cpp(116,13): error C2065: 'announce': 선언되지 않은 식별자입니다.
C:\UsingProjects\2021_Multicore\Lab5\Lab5\Universial.cpp(117,10): error C2065: 'myObject': 선언되지 않은 식별자입니다.
C:\UsingProjects\2021_Multicore\Lab5\Lab5\Universial.cpp(117,25): error C2065: 'current': 선언되지 않은 식별자입니다.
C:\UsingProjects\2021_Multicore\Lab5\Lab5\Universial.cpp(123,15): error C4430: 형식 지정자가 없습니다. int로 가정합니다. 참고: C++에서는 기본 int를 지원하지 않습니다.
C:\UsingProjects\2021_Multicore\Lab5\Lab5\Universial.cpp(123,10): error C2146: 구문 오류: ';'이(가) 'myset' 식별자 앞에 없습니다.
C:\UsingProjects\2021_Multicore\Lab5\Lab5\Universial.cpp(137,4): error C2065: 'myset': 선언되지 않은 식별자입니다.
C:\UsingProjects\2021_Multicore\Lab5\Lab5\Universial.cpp(140,4): error C2065: 'myset': 선언되지 않은 식별자입니다.
C:\UsingProjects\2021_Multicore\Lab5\Lab5\Universial.cpp(143,4): error C2065: 'myset': 선언되지 않은 식별자입니다.
C:\UsingProjects\2021_Multicore\Lab5\Lab5\Universial.cpp(152,3): error C2065: 'myset': 선언되지 않은 식별자입니다.
C:\UsingProjects\2021_Multicore\Lab5\Lab5\Universial.cpp(170,3): error C2065: 'myset': 선언되지 않은 식별자입니다.
